2026-04-08 08:59:26 [restartedMain] INFO  c.retailstore.RetailStoreApplication - Starting RetailStoreApplication using Java 21.0.7 with PID 20788 (C:\Users\Keerthi.Samayam\IntelliJIDEA\ResumeAddedProject\retail-store\target\classes started by Keerthi.Samayam in C:\Users\Keerthi.Samayam\IntelliJIDEA\ResumeAddedProject\retail-store)
2026-04-08 08:59:26 [restartedMain] INFO  c.retailstore.RetailStoreApplication - No active profile set, falling back to 1 default profile: "default"
2026-04-08 08:59:27 [restartedMain] INFO  o.s.b.d.e.DevToolsPropertyDefaultsPostProcessor - Devtools property defaults active! Set 'spring.devtools.add-properties' to 'false' to disable
2026-04-08 08:59:27 [restartedMain] INFO  o.s.b.d.e.DevToolsPropertyDefaultsPostProcessor - For additional web related logging consider setting the 'logging.level.web' property to 'DEBUG'
2026-04-08 08:59:29 [restartedMain] INFO  o.s.b.c.c.annotation.BatchRegistrar - Finished Spring Batch infrastructure beans configuration in 11 ms.
2026-04-08 08:59:29 [restartedMain] INFO  o.s.b.c.c.annotation.BatchRegistrar - Bean jobRepository already defined in the application context, skipping the registration of a jobRepository
2026-04-08 08:59:29 [restartedMain] INFO  o.s.b.c.c.annotation.BatchRegistrar - Bean jobExplorer already defined in the application context, skipping the registration of a jobExplorer
2026-04-08 08:59:29 [restartedMain] INFO  o.s.b.c.c.annotation.BatchRegistrar - Bean jobLauncher already defined in the application context, skipping the registration of a jobLauncher
2026-04-08 08:59:29 [restartedMain] INFO  o.s.b.c.c.annotation.BatchRegistrar - Bean jobRegistry already defined in the application context, skipping the registration of a jobRegistry
2026-04-08 08:59:29 [restartedMain] INFO  o.s.b.c.c.annotation.BatchRegistrar - Bean jobRegistryBeanPostProcessor already defined in the application context, skipping the registration of a jobRegistryBeanPostProcessor
2026-04-08 08:59:29 [restartedMain] INFO  o.s.b.c.c.annotation.BatchRegistrar - Bean jobOperator already defined in the application context, skipping the registration of a jobOperator
2026-04-08 08:59:29 [restartedMain] INFO  o.s.b.c.c.annotation.BatchRegistrar - Finished Spring Batch infrastructure beans configuration in 15 ms.
2026-04-08 08:59:29 [restartedMain] INFO  o.s.b.c.c.annotation.BatchRegistrar - Bean jobRepository already defined in the application context, skipping the registration of a jobRepository
2026-04-08 08:59:29 [restartedMain] INFO  o.s.b.c.c.annotation.BatchRegistrar - Bean jobExplorer already defined in the application context, skipping the registration of a jobExplorer
2026-04-08 08:59:29 [restartedMain] INFO  o.s.b.c.c.annotation.BatchRegistrar - Bean jobLauncher already defined in the application context, skipping the registration of a jobLauncher
2026-04-08 08:59:29 [restartedMain] INFO  o.s.b.c.c.annotation.BatchRegistrar - Bean jobRegistry already defined in the application context, skipping the registration of a jobRegistry
2026-04-08 08:59:29 [restartedMain] INFO  o.s.b.c.c.annotation.BatchRegistrar - Bean jobRegistryBeanPostProcessor already defined in the application context, skipping the registration of a jobRegistryBeanPostProcessor
2026-04-08 08:59:29 [restartedMain] INFO  o.s.b.c.c.annotation.BatchRegistrar - Bean jobOperator already defined in the application context, skipping the registration of a jobOperator
2026-04-08 08:59:29 [restartedMain] INFO  o.s.b.c.c.annotation.BatchRegistrar - Finished Spring Batch infrastructure beans configuration in 10 ms.
2026-04-08 08:59:30 [restartedMain] INFO  o.s.d.r.c.RepositoryConfigurationDelegate - Bootstrapping Spring Data JPA repositories in DEFAULT mode.
2026-04-08 08:59:31 [restartedMain] INFO  o.s.d.r.c.RepositoryConfigurationDelegate - Finished Spring Data repository scanning in 557 ms. Found 14 JPA repository interfaces.
2026-04-08 08:59:32 [restartedMain] WARN  o.s.c.s.PostProcessorRegistrationDelegate$BeanPostProcessorChecker - Bean 'jobRegistry' of type [org.springframework.batch.core.configuration.support.MapJobRegistry] is not eligible for getting processed by all BeanPostProcessors (for example: not eligible for auto-proxying). Is this bean getting eagerly injected/applied to a currently created BeanPostProcessor [jobRegistryBeanPostProcessor]? Check the corresponding BeanPostProcessor declaration and its dependencies/advisors. If this bean does not have to be post-processed, declare it with ROLE_INFRASTRUCTURE.
2026-04-08 08:59:34 [restartedMain] INFO  o.s.b.w.e.tomcat.TomcatWebServer - Tomcat initialized with port 8080 (http)
2026-04-08 08:59:34 [restartedMain] INFO  o.a.catalina.core.StandardService - Starting service [Tomcat]
2026-04-08 08:59:34 [restartedMain] INFO  o.a.catalina.core.StandardEngine - Starting Servlet engine: [Apache Tomcat/10.1.31]
2026-04-08 08:59:34 [restartedMain] INFO  o.a.c.c.C.[.[.[/retail-store] - Initializing Spring embedded WebApplicationContext
2026-04-08 08:59:34 [restartedMain] INFO  o.s.b.w.s.c.ServletWebServerApplicationContext - Root WebApplicationContext: initialization completed in 7544 ms
2026-04-08 08:59:35 [restartedMain] INFO  o.h.jpa.internal.util.LogHelper - HHH000204: Processing PersistenceUnitInfo [name: default]
2026-04-08 08:59:36 [restartedMain] INFO  org.hibernate.Version - HHH000412: Hibernate ORM core version 6.5.3.Final
2026-04-08 08:59:36 [restartedMain] INFO  o.h.c.i.RegionFactoryInitiator - HHH000026: Second-level cache disabled
2026-04-08 08:59:37 [restartedMain] INFO  o.s.o.j.p.SpringPersistenceUnitInfo - No LoadTimeWeaver setup: ignoring JPA class transformer
2026-04-08 08:59:37 [restartedMain] INFO  com.zaxxer.hikari.HikariDataSource - HikariPool-1 - Starting...
2026-04-08 08:59:37 [restartedMain] INFO  com.zaxxer.hikari.pool.HikariPool - HikariPool-1 - Added connection com.mysql.cj.jdbc.ConnectionImpl@61136e25
2026-04-08 08:59:37 [restartedMain] INFO  com.zaxxer.hikari.HikariDataSource - HikariPool-1 - Start completed.
2026-04-08 08:59:40 [restartedMain] INFO  o.h.e.t.j.p.i.JtaPlatformInitiator - HHH000489: No JTA platform available (set 'hibernate.transaction.jta.platform' to enable JTA platform integration)
2026-04-08 08:59:40 [restartedMain] INFO  o.s.o.j.LocalContainerEntityManagerFactoryBean - Initialized JPA EntityManagerFactory for persistence unit 'default'
2026-04-08 08:59:42 [restartedMain] WARN  o.s.s.c.a.a.c.InitializeUserDetailsBeanManagerConfigurer$InitializeUserDetailsManagerConfigurer - Global AuthenticationManager configured with an AuthenticationProvider bean. UserDetailsService beans will not be used for username/password login. Consider removing the AuthenticationProvider bean. Alternatively, consider using the UserDetailsService in a manually instantiated DaoAuthenticationProvider.
2026-04-08 08:59:42 [restartedMain] INFO  o.s.b.c.r.s.JobRepositoryFactoryBean - No database type set, using meta data indicating: MYSQL
2026-04-08 08:59:42 [restartedMain] INFO  o.s.b.c.l.support.SimpleJobLauncher - No TaskExecutor has been set, defaulting to synchronous executor.
2026-04-08 08:59:44 [restartedMain] INFO  o.s.d.j.r.query.QueryEnhancerFactory - Hibernate is in classpath; If applicable, HQL parser will be used.
2026-04-08 08:59:44 [restartedMain] WARN  o.s.b.a.o.j.JpaBaseConfiguration$JpaWebConfiguration - spring.jpa.open-in-view is enabled by default. Therefore, database queries may be performed during view rendering. Explicitly configure spring.jpa.open-in-view to disable this warning
2026-04-08 08:59:47 [restartedMain] INFO  o.s.b.a.e.web.EndpointLinksResolver - Exposing 14 endpoints beneath base path '/actuator'
2026-04-08 08:59:48 [restartedMain] INFO  o.s.b.d.a.OptionalLiveReloadServer - LiveReload server is running on port 35729
2026-04-08 08:59:48 [restartedMain] INFO  o.s.b.w.e.tomcat.TomcatWebServer - Tomcat started on port 8080 (http) with context path '/retail-store'
2026-04-08 08:59:48 [restartedMain] INFO  c.retailstore.RetailStoreApplication - Started RetailStoreApplication in 25.27 seconds (process running for 26.615)
2026-04-08 09:00:00 [scheduling-1] INFO  o.s.b.c.l.support.SimpleJobLauncher - Job: [SimpleJob: [name=orderReportJob]] launched with the following parameters: [{'runId_orderReportJob':'{value=1775619000027, type=class java.lang.Long, identifying=true}'}]
2026-04-08 09:00:00 [scheduling-1] INFO  c.r.logging.BatchJobLoggerListener - BATCH_JOB_STARTED job=orderReportJob params={'runId_orderReportJob':'{value=1775619000027, type=class java.lang.Long, identifying=true}'}
2026-04-08 09:00:00 [scheduling-1] INFO  o.s.batch.core.job.SimpleStepHandler - Executing step: [orderReportStep]
2026-04-08 09:00:00 [scheduling-1] INFO  c.r.logging.BatchStepLoggerListener - STEP_STARTED name=orderReportStep
2026-04-08 09:00:07 [scheduling-1] INFO  c.r.logging.BatchStepLoggerListener - STEP_FINISHED name=orderReportStep read=0 write=0 skip=0
2026-04-08 09:00:07 [scheduling-1] INFO  o.s.batch.core.step.AbstractStep - Step: [orderReportStep] executed in 6s806ms
2026-04-08 09:00:07 [scheduling-1] INFO  c.r.logging.BatchJobLoggerListener - BATCH_JOB_FINISHED job=orderReportJob params={'runId_orderReportJob':'{value=1775619000027, type=class java.lang.Long, identifying=true}'}
2026-04-08 09:00:07 [scheduling-1] INFO  o.s.b.c.l.support.SimpleJobLauncher - Job: [SimpleJob: [name=orderReportJob]] completed with the following parameters: [{'runId_orderReportJob':'{value=1775619000027, type=class java.lang.Long, identifying=true}'}] and the following status: [COMPLETED] in 6s878ms
2026-04-08 09:00:07 [scheduling-1] INFO  c.r.batch.config.BatchScheduler - orderReportJob executed successfully!
2026-04-08 09:00:07 [scheduling-1] INFO  o.s.b.c.l.support.SimpleJobLauncher - Job: [SimpleJob: [name=productUploadJob]] launched with the following parameters: [{'runId_productUploadJob':'{value=1775619007069, type=class java.lang.Long, identifying=true}','filePath':'{value=uploads/products-upload.csv, type=class java.lang.String, identifying=true}'}]
2026-04-08 09:00:07 [scheduling-1] INFO  c.r.logging.BatchJobLoggerListener - BATCH_JOB_STARTED job=productUploadJob params={'runId_productUploadJob':'{value=1775619007069, type=class java.lang.Long, identifying=true}','filePath':'{value=uploads/products-upload.csv, type=class java.lang.String, identifying=true}'}
2026-04-08 09:00:07 [scheduling-1] INFO  o.s.batch.core.job.SimpleStepHandler - Executing step: [productUploadStep]
2026-04-08 09:00:07 [scheduling-1] INFO  c.r.logging.BatchStepLoggerListener - STEP_STARTED name=productUploadStep
2026-04-08 09:00:08 [scheduling-1] INFO  c.r.logging.BatchStepLoggerListener - STEP_FINISHED name=productUploadStep read=10 write=10 skip=0
2026-04-08 09:00:11 [scheduling-1] INFO  o.s.batch.core.step.AbstractStep - Step: [productUploadStep] executed in 4s847ms
2026-04-08 09:00:12 [scheduling-1] INFO  c.r.logging.BatchJobLoggerListener - BATCH_JOB_FINISHED job=productUploadJob params={'runId_productUploadJob':'{value=1775619007069, type=class java.lang.Long, identifying=true}','filePath':'{value=uploads/products-upload.csv, type=class java.lang.String, identifying=true}'}
2026-04-08 09:00:12 [scheduling-1] INFO  o.s.b.c.l.support.SimpleJobLauncher - Job: [SimpleJob: [name=productUploadJob]] completed with the following parameters: [{'runId_productUploadJob':'{value=1775619007069, type=class java.lang.Long, identifying=true}','filePath':'{value=uploads/products-upload.csv, type=class java.lang.String, identifying=true}'}] and the following status: [COMPLETED] in 4s912ms
2026-04-08 09:00:12 [scheduling-1] INFO  c.r.batch.config.BatchScheduler - productUploadJob executed successfully!
2026-04-08 09:00:12 [scheduling-1] INFO  o.s.b.c.l.support.SimpleJobLauncher - Job: [SimpleJob: [name=stockReconciliationJob]] launched with the following parameters: [{'runId_stockReconciliationJob':'{value=1775619012030, type=class java.lang.Long, identifying=true}','filePath':'{value=uploads/stocks-reconciliation.csv, type=class java.lang.String, identifying=true}'}]
2026-04-08 09:00:12 [scheduling-1] INFO  c.r.logging.BatchJobLoggerListener - BATCH_JOB_STARTED job=stockReconciliationJob params={'runId_stockReconciliationJob':'{value=1775619012030, type=class java.lang.Long, identifying=true}','filePath':'{value=uploads/stocks-reconciliation.csv, type=class java.lang.String, identifying=true}'}
2026-04-08 09:00:12 [scheduling-1] INFO  o.s.batch.core.job.SimpleStepHandler - Executing step: [truncateTempStockStep]
2026-04-08 09:00:12 [scheduling-1] INFO  c.r.logging.BatchStepLoggerListener - STEP_STARTED name=truncateTempStockStep
2026-04-08 09:00:12 [scheduling-1] INFO  c.r.logging.BatchStepLoggerListener - STEP_FINISHED name=truncateTempStockStep read=0 write=0 skip=0
2026-04-08 09:00:12 [scheduling-1] INFO  o.s.batch.core.step.AbstractStep - Step: [truncateTempStockStep] executed in 215ms
2026-04-08 09:00:12 [scheduling-1] INFO  o.s.batch.core.job.SimpleStepHandler - Executing step: [loadTempStockStep]
2026-04-08 09:00:12 [scheduling-1] INFO  c.r.logging.BatchStepLoggerListener - STEP_STARTED name=loadTempStockStep
2026-04-08 09:00:12 [scheduling-1] INFO  c.r.logging.BatchStepLoggerListener - STEP_FINISHED name=loadTempStockStep read=9 write=9 skip=0
2026-04-08 09:00:12 [scheduling-1] INFO  o.s.batch.core.step.AbstractStep - Step: [loadTempStockStep] executed in 146ms
2026-04-08 09:00:12 [scheduling-1] INFO  o.s.batch.core.job.SimpleStepHandler - Executing step: [stockMismatchStep]
2026-04-08 09:00:12 [scheduling-1] INFO  c.r.logging.BatchStepLoggerListener - STEP_STARTED name=stockMismatchStep
2026-04-08 09:00:12 [scheduling-1] INFO  c.r.logging.BatchStepLoggerListener - STEP_FINISHED name=stockMismatchStep read=9 write=9 skip=0
2026-04-08 09:00:12 [scheduling-1] INFO  o.s.batch.core.step.AbstractStep - Step: [stockMismatchStep] executed in 219ms
2026-04-08 09:00:12 [scheduling-1] INFO  o.s.batch.core.job.SimpleStepHandler - Executing step: [generateReportStep]
2026-04-08 09:00:12 [scheduling-1] INFO  c.r.logging.BatchStepLoggerListener - STEP_STARTED name=generateReportStep
2026-04-08 09:00:17 [scheduling-1] INFO  c.r.logging.BatchStepLoggerListener - STEP_FINISHED name=generateReportStep read=0 write=0 skip=0
2026-04-08 09:00:17 [scheduling-1] INFO  o.s.batch.core.step.AbstractStep - Step: [generateReportStep] executed in 4s819ms
2026-04-08 09:00:17 [scheduling-1] INFO  c.r.logging.BatchJobLoggerListener - BATCH_JOB_FINISHED job=stockReconciliationJob params={'runId_stockReconciliationJob':'{value=1775619012030, type=class java.lang.Long, identifying=true}','filePath':'{value=uploads/stocks-reconciliation.csv, type=class java.lang.String, identifying=true}'}
2026-04-08 09:00:17 [scheduling-1] INFO  o.s.b.c.l.support.SimpleJobLauncher - Job: [SimpleJob: [name=stockReconciliationJob]] completed with the following parameters: [{'runId_stockReconciliationJob':'{value=1775619012030, type=class java.lang.Long, identifying=true}','filePath':'{value=uploads/stocks-reconciliation.csv, type=class java.lang.String, identifying=true}'}] and the following status: [COMPLETED] in 5s681ms
2026-04-08 09:00:17 [scheduling-1] INFO  c.r.batch.config.BatchScheduler - stockReconciliationJob executed successfully!
2026-04-08 09:01:21 [SpringApplicationShutdownHook] INFO  o.s.o.j.LocalContainerEntityManagerFactoryBean - Closing JPA EntityManagerFactory for persistence unit 'default'
2026-04-08 09:01:21 [SpringApplicationShutdownHook] INFO  com.zaxxer.hikari.HikariDataSource - HikariPool-1 - Shutdown initiated...
2026-04-08 09:01:21 [SpringApplicationShutdownHook] INFO  com.zaxxer.hikari.HikariDataSource - HikariPool-1 - Shutdown completed.
2026-04-08 09:01:34 [restartedMain] INFO  c.retailstore.RetailStoreApplication - Starting RetailStoreApplication using Java 21.0.7 with PID 16732 (C:\Users\Keerthi.Samayam\IntelliJIDEA\ResumeAddedProject\retail-store\target\classes started by Keerthi.Samayam in C:\Users\Keerthi.Samayam\IntelliJIDEA\ResumeAddedProject\retail-store)
2026-04-08 09:01:34 [restartedMain] INFO  c.retailstore.RetailStoreApplication - No active profile set, falling back to 1 default profile: "default"
2026-04-08 09:01:35 [restartedMain] INFO  o.s.b.d.e.DevToolsPropertyDefaultsPostProcessor - Devtools property defaults active! Set 'spring.devtools.add-properties' to 'false' to disable
2026-04-08 09:01:35 [restartedMain] INFO  o.s.b.d.e.DevToolsPropertyDefaultsPostProcessor - For additional web related logging consider setting the 'logging.level.web' property to 'DEBUG'
2026-04-08 09:01:38 [restartedMain] INFO  o.s.b.c.c.annotation.BatchRegistrar - Finished Spring Batch infrastructure beans configuration in 11 ms.
2026-04-08 09:01:38 [restartedMain] INFO  o.s.b.c.c.annotation.BatchRegistrar - Bean jobRepository already defined in the application context, skipping the registration of a jobRepository
2026-04-08 09:01:38 [restartedMain] INFO  o.s.b.c.c.annotation.BatchRegistrar - Bean jobExplorer already defined in the application context, skipping the registration of a jobExplorer
2026-04-08 09:01:38 [restartedMain] INFO  o.s.b.c.c.annotation.BatchRegistrar - Bean jobLauncher already defined in the application context, skipping the registration of a jobLauncher
2026-04-08 09:01:38 [restartedMain] INFO  o.s.b.c.c.annotation.BatchRegistrar - Bean jobRegistry already defined in the application context, skipping the registration of a jobRegistry
2026-04-08 09:01:38 [restartedMain] INFO  o.s.b.c.c.annotation.BatchRegistrar - Bean jobRegistryBeanPostProcessor already defined in the application context, skipping the registration of a jobRegistryBeanPostProcessor
2026-04-08 09:01:38 [restartedMain] INFO  o.s.b.c.c.annotation.BatchRegistrar - Bean jobOperator already defined in the application context, skipping the registration of a jobOperator
2026-04-08 09:01:38 [restartedMain] INFO  o.s.b.c.c.annotation.BatchRegistrar - Finished Spring Batch infrastructure beans configuration in 10 ms.
2026-04-08 09:01:38 [restartedMain] INFO  o.s.b.c.c.annotation.BatchRegistrar - Bean jobRepository already defined in the application context, skipping the registration of a jobRepository
2026-04-08 09:01:38 [restartedMain] INFO  o.s.b.c.c.annotation.BatchRegistrar - Bean jobExplorer already defined in the application context, skipping the registration of a jobExplorer
2026-04-08 09:01:38 [restartedMain] INFO  o.s.b.c.c.annotation.BatchRegistrar - Bean jobLauncher already defined in the application context, skipping the registration of a jobLauncher
2026-04-08 09:01:38 [restartedMain] INFO  o.s.b.c.c.annotation.BatchRegistrar - Bean jobRegistry already defined in the application context, skipping the registration of a jobRegistry
2026-04-08 09:01:38 [restartedMain] INFO  o.s.b.c.c.annotation.BatchRegistrar - Bean jobRegistryBeanPostProcessor already defined in the application context, skipping the registration of a jobRegistryBeanPostProcessor
2026-04-08 09:01:38 [restartedMain] INFO  o.s.b.c.c.annotation.BatchRegistrar - Bean jobOperator already defined in the application context, skipping the registration of a jobOperator
2026-04-08 09:01:38 [restartedMain] INFO  o.s.b.c.c.annotation.BatchRegistrar - Finished Spring Batch infrastructure beans configuration in 21 ms.
2026-04-08 09:01:40 [restartedMain] INFO  o.s.d.r.c.RepositoryConfigurationDelegate - Bootstrapping Spring Data JPA repositories in DEFAULT mode.
2026-04-08 09:01:40 [restartedMain] INFO  o.s.d.r.c.RepositoryConfigurationDelegate - Finished Spring Data repository scanning in 610 ms. Found 14 JPA repository interfaces.
2026-04-08 09:01:42 [restartedMain] WARN  o.s.c.s.PostProcessorRegistrationDelegate$BeanPostProcessorChecker - Bean 'jobRegistry' of type [org.springframework.batch.core.configuration.support.MapJobRegistry] is not eligible for getting processed by all BeanPostProcessors (for example: not eligible for auto-proxying). Is this bean getting eagerly injected/applied to a currently created BeanPostProcessor [jobRegistryBeanPostProcessor]? Check the corresponding BeanPostProcessor declaration and its dependencies/advisors. If this bean does not have to be post-processed, declare it with ROLE_INFRASTRUCTURE.
2026-04-08 09:01:44 [restartedMain] INFO  o.s.b.w.e.tomcat.TomcatWebServer - Tomcat initialized with port 8080 (http)
2026-04-08 09:01:44 [restartedMain] INFO  o.a.catalina.core.StandardService - Starting service [Tomcat]
2026-04-08 09:01:44 [restartedMain] INFO  o.a.catalina.core.StandardEngine - Starting Servlet engine: [Apache Tomcat/10.1.31]
2026-04-08 09:01:44 [restartedMain] INFO  o.a.c.c.C.[.[.[/retail-store] - Initializing Spring embedded WebApplicationContext
2026-04-08 09:01:44 [restartedMain] INFO  o.s.b.w.s.c.ServletWebServerApplicationContext - Root WebApplicationContext: initialization completed in 9829 ms
2026-04-08 09:01:47 [restartedMain] INFO  o.h.jpa.internal.util.LogHelper - HHH000204: Processing PersistenceUnitInfo [name: default]
2026-04-08 09:01:47 [restartedMain] INFO  org.hibernate.Version - HHH000412: Hibernate ORM core version 6.5.3.Final
2026-04-08 09:01:47 [restartedMain] INFO  o.h.c.i.RegionFactoryInitiator - HHH000026: Second-level cache disabled
2026-04-08 09:01:48 [restartedMain] INFO  o.s.o.j.p.SpringPersistenceUnitInfo - No LoadTimeWeaver setup: ignoring JPA class transformer
2026-04-08 09:01:48 [restartedMain] INFO  com.zaxxer.hikari.HikariDataSource - HikariPool-1 - Starting...
2026-04-08 09:01:48 [restartedMain] INFO  com.zaxxer.hikari.pool.HikariPool - HikariPool-1 - Added connection com.mysql.cj.jdbc.ConnectionImpl@537a4438
2026-04-08 09:01:48 [restartedMain] INFO  com.zaxxer.hikari.HikariDataSource - HikariPool-1 - Start completed.
2026-04-08 09:01:52 [restartedMain] INFO  o.h.e.t.j.p.i.JtaPlatformInitiator - HHH000489: No JTA platform available (set 'hibernate.transaction.jta.platform' to enable JTA platform integration)
2026-04-08 09:01:52 [restartedMain] INFO  o.s.o.j.LocalContainerEntityManagerFactoryBean - Initialized JPA EntityManagerFactory for persistence unit 'default'
2026-04-08 09:01:55 [restartedMain] WARN  o.s.s.c.a.a.c.InitializeUserDetailsBeanManagerConfigurer$InitializeUserDetailsManagerConfigurer - Global AuthenticationManager configured with an AuthenticationProvider bean. UserDetailsService beans will not be used for username/password login. Consider removing the AuthenticationProvider bean. Alternatively, consider using the UserDetailsService in a manually instantiated DaoAuthenticationProvider.
2026-04-08 09:01:55 [restartedMain] INFO  o.s.b.c.r.s.JobRepositoryFactoryBean - No database type set, using meta data indicating: MYSQL
2026-04-08 09:01:55 [restartedMain] INFO  o.s.b.c.l.support.SimpleJobLauncher - No TaskExecutor has been set, defaulting to synchronous executor.
2026-04-08 09:01:56 [restartedMain] WARN  o.s.b.w.s.c.AnnotationConfigServletWebServerApplicationContext - Exception encountered during context initialization - cancelling refresh attempt: org.springframework.beans.factory.BeanCreationException: Error creating bean with name 'batchScheduler' defined in file [C:\Users\Keerthi.Samayam\IntelliJIDEA\ResumeAddedProject\retail-store\target\classes\com\retailstore\batch\config\BatchScheduler.class]: Encountered invalid @Scheduled method 'runScheduledJobs': Cron expression must consist of 6 fields (found 7 in "0 * 2 * * * *")
2026-04-08 09:01:56 [restartedMain] WARN  o.s.b.f.s.DisposableBeanAdapter - Custom destroy method 'close' on bean with name 'stockMismatchReader' propagated an exception: org.springframework.batch.item.ItemStreamException: Error while closing item reader
2026-04-08 09:01:56 [restartedMain] INFO  o.s.o.j.LocalContainerEntityManagerFactoryBean - Closing JPA EntityManagerFactory for persistence unit 'default'
2026-04-08 09:01:56 [restartedMain] INFO  com.zaxxer.hikari.HikariDataSource - HikariPool-1 - Shutdown initiated...
2026-04-08 09:01:56 [restartedMain] INFO  com.zaxxer.hikari.HikariDataSource - HikariPool-1 - Shutdown completed.
2026-04-08 09:01:56 [restartedMain] INFO  o.a.catalina.core.StandardService - Stopping service [Tomcat]
2026-04-08 09:01:56 [restartedMain] INFO  o.s.b.a.l.ConditionEvaluationReportLogger - 

Error starting ApplicationContext. To display the condition evaluation report re-run your application with 'debug' enabled.
2026-04-08 09:04:47 [restartedMain] INFO  c.retailstore.RetailStoreApplication - Starting RetailStoreApplication using Java 21.0.7 with PID 28708 (C:\Users\Keerthi.Samayam\IntelliJIDEA\ResumeAddedProject\retail-store\target\classes started by Keerthi.Samayam in C:\Users\Keerthi.Samayam\IntelliJIDEA\ResumeAddedProject\retail-store)
2026-04-08 09:04:47 [restartedMain] INFO  c.retailstore.RetailStoreApplication - No active profile set, falling back to 1 default profile: "default"
2026-04-08 09:04:48 [restartedMain] INFO  o.s.b.d.e.DevToolsPropertyDefaultsPostProcessor - Devtools property defaults active! Set 'spring.devtools.add-properties' to 'false' to disable
2026-04-08 09:04:48 [restartedMain] INFO  o.s.b.d.e.DevToolsPropertyDefaultsPostProcessor - For additional web related logging consider setting the 'logging.level.web' property to 'DEBUG'
2026-04-08 09:04:51 [restartedMain] INFO  o.s.b.c.c.annotation.BatchRegistrar - Finished Spring Batch infrastructure beans configuration in 11 ms.
2026-04-08 09:04:51 [restartedMain] INFO  o.s.b.c.c.annotation.BatchRegistrar - Bean jobRepository already defined in the application context, skipping the registration of a jobRepository
2026-04-08 09:04:51 [restartedMain] INFO  o.s.b.c.c.annotation.BatchRegistrar - Bean jobExplorer already defined in the application context, skipping the registration of a jobExplorer
2026-04-08 09:04:51 [restartedMain] INFO  o.s.b.c.c.annotation.BatchRegistrar - Bean jobLauncher already defined in the application context, skipping the registration of a jobLauncher
2026-04-08 09:04:51 [restartedMain] INFO  o.s.b.c.c.annotation.BatchRegistrar - Bean jobRegistry already defined in the application context, skipping the registration of a jobRegistry
2026-04-08 09:04:51 [restartedMain] INFO  o.s.b.c.c.annotation.BatchRegistrar - Bean jobRegistryBeanPostProcessor already defined in the application context, skipping the registration of a jobRegistryBeanPostProcessor
2026-04-08 09:04:51 [restartedMain] INFO  o.s.b.c.c.annotation.BatchRegistrar - Bean jobOperator already defined in the application context, skipping the registration of a jobOperator
2026-04-08 09:04:51 [restartedMain] INFO  o.s.b.c.c.annotation.BatchRegistrar - Finished Spring Batch infrastructure beans configuration in 21 ms.
2026-04-08 09:04:51 [restartedMain] INFO  o.s.b.c.c.annotation.BatchRegistrar - Bean jobRepository already defined in the application context, skipping the registration of a jobRepository
2026-04-08 09:04:51 [restartedMain] INFO  o.s.b.c.c.annotation.BatchRegistrar - Bean jobExplorer already defined in the application context, skipping the registration of a jobExplorer
2026-04-08 09:04:51 [restartedMain] INFO  o.s.b.c.c.annotation.BatchRegistrar - Bean jobLauncher already defined in the application context, skipping the registration of a jobLauncher
2026-04-08 09:04:51 [restartedMain] INFO  o.s.b.c.c.annotation.BatchRegistrar - Bean jobRegistry already defined in the application context, skipping the registration of a jobRegistry
2026-04-08 09:04:51 [restartedMain] INFO  o.s.b.c.c.annotation.BatchRegistrar - Bean jobRegistryBeanPostProcessor already defined in the application context, skipping the registration of a jobRegistryBeanPostProcessor
2026-04-08 09:04:51 [restartedMain] INFO  o.s.b.c.c.annotation.BatchRegistrar - Bean jobOperator already defined in the application context, skipping the registration of a jobOperator
2026-04-08 09:04:51 [restartedMain] INFO  o.s.b.c.c.annotation.BatchRegistrar - Finished Spring Batch infrastructure beans configuration in 16 ms.
2026-04-08 09:04:53 [restartedMain] INFO  o.s.d.r.c.RepositoryConfigurationDelegate - Bootstrapping Spring Data JPA repositories in DEFAULT mode.
2026-04-08 09:04:54 [restartedMain] INFO  o.s.d.r.c.RepositoryConfigurationDelegate - Finished Spring Data repository scanning in 979 ms. Found 14 JPA repository interfaces.
2026-04-08 09:04:55 [restartedMain] WARN  o.s.c.s.PostProcessorRegistrationDelegate$BeanPostProcessorChecker - Bean 'jobRegistry' of type [org.springframework.batch.core.configuration.support.MapJobRegistry] is not eligible for getting processed by all BeanPostProcessors (for example: not eligible for auto-proxying). Is this bean getting eagerly injected/applied to a currently created BeanPostProcessor [jobRegistryBeanPostProcessor]? Check the corresponding BeanPostProcessor declaration and its dependencies/advisors. If this bean does not have to be post-processed, declare it with ROLE_INFRASTRUCTURE.
2026-04-08 09:04:57 [restartedMain] INFO  o.s.b.w.e.tomcat.TomcatWebServer - Tomcat initialized with port 8080 (http)
2026-04-08 09:04:57 [restartedMain] INFO  o.a.catalina.core.StandardService - Starting service [Tomcat]
2026-04-08 09:04:57 [restartedMain] INFO  o.a.catalina.core.StandardEngine - Starting Servlet engine: [Apache Tomcat/10.1.31]
2026-04-08 09:04:57 [restartedMain] INFO  o.a.c.c.C.[.[.[/retail-store] - Initializing Spring embedded WebApplicationContext
2026-04-08 09:04:57 [restartedMain] INFO  o.s.b.w.s.c.ServletWebServerApplicationContext - Root WebApplicationContext: initialization completed in 9478 ms
2026-04-08 09:04:58 [restartedMain] INFO  o.h.jpa.internal.util.LogHelper - HHH000204: Processing PersistenceUnitInfo [name: default]
2026-04-08 09:04:59 [restartedMain] INFO  org.hibernate.Version - HHH000412: Hibernate ORM core version 6.5.3.Final
2026-04-08 09:04:59 [restartedMain] INFO  o.h.c.i.RegionFactoryInitiator - HHH000026: Second-level cache disabled
2026-04-08 09:05:00 [restartedMain] INFO  o.s.o.j.p.SpringPersistenceUnitInfo - No LoadTimeWeaver setup: ignoring JPA class transformer
2026-04-08 09:05:00 [restartedMain] INFO  com.zaxxer.hikari.HikariDataSource - HikariPool-1 - Starting...
2026-04-08 09:05:01 [restartedMain] INFO  com.zaxxer.hikari.pool.HikariPool - HikariPool-1 - Added connection com.mysql.cj.jdbc.ConnectionImpl@a2dcc62
2026-04-08 09:05:01 [restartedMain] INFO  com.zaxxer.hikari.HikariDataSource - HikariPool-1 - Start completed.
2026-04-08 09:05:04 [restartedMain] INFO  o.h.e.t.j.p.i.JtaPlatformInitiator - HHH000489: No JTA platform available (set 'hibernate.transaction.jta.platform' to enable JTA platform integration)
2026-04-08 09:05:04 [restartedMain] INFO  o.s.o.j.LocalContainerEntityManagerFactoryBean - Initialized JPA EntityManagerFactory for persistence unit 'default'
2026-04-08 09:05:06 [restartedMain] WARN  o.s.s.c.a.a.c.InitializeUserDetailsBeanManagerConfigurer$InitializeUserDetailsManagerConfigurer - Global AuthenticationManager configured with an AuthenticationProvider bean. UserDetailsService beans will not be used for username/password login. Consider removing the AuthenticationProvider bean. Alternatively, consider using the UserDetailsService in a manually instantiated DaoAuthenticationProvider.
2026-04-08 09:05:06 [restartedMain] INFO  o.s.b.c.r.s.JobRepositoryFactoryBean - No database type set, using meta data indicating: MYSQL
2026-04-08 09:05:06 [restartedMain] INFO  o.s.b.c.l.support.SimpleJobLauncher - No TaskExecutor has been set, defaulting to synchronous executor.
2026-04-08 09:05:07 [restartedMain] WARN  o.s.b.w.s.c.AnnotationConfigServletWebServerApplicationContext - Exception encountered during context initialization - cancelling refresh attempt: org.springframework.beans.factory.BeanCreationException: Error creating bean with name 'batchScheduler' defined in file [C:\Users\Keerthi.Samayam\IntelliJIDEA\ResumeAddedProject\retail-store\target\classes\com\retailstore\batch\config\BatchScheduler.class]: Encountered invalid @Scheduled method 'runScheduledJobs': Cron expression must consist of 6 fields (found 7 in "0 0 2 * * * *")
2026-04-08 09:05:07 [restartedMain] WARN  o.s.b.f.s.DisposableBeanAdapter - Custom destroy method 'close' on bean with name 'stockMismatchReader' propagated an exception: org.springframework.batch.item.ItemStreamException: Error while closing item reader
2026-04-08 09:05:07 [restartedMain] INFO  o.s.o.j.LocalContainerEntityManagerFactoryBean - Closing JPA EntityManagerFactory for persistence unit 'default'
2026-04-08 09:05:07 [restartedMain] INFO  com.zaxxer.hikari.HikariDataSource - HikariPool-1 - Shutdown initiated...
2026-04-08 09:05:07 [restartedMain] INFO  com.zaxxer.hikari.HikariDataSource - HikariPool-1 - Shutdown completed.
2026-04-08 09:05:07 [restartedMain] INFO  o.a.catalina.core.StandardService - Stopping service [Tomcat]
2026-04-08 09:05:08 [restartedMain] INFO  o.s.b.a.l.ConditionEvaluationReportLogger - 

Error starting ApplicationContext. To display the condition evaluation report re-run your application with 'debug' enabled.
2026-04-08 09:05:39 [restartedMain] INFO  c.retailstore.RetailStoreApplication - Starting RetailStoreApplication using Java 21.0.7 with PID 25640 (C:\Users\Keerthi.Samayam\IntelliJIDEA\ResumeAddedProject\retail-store\target\classes started by Keerthi.Samayam in C:\Users\Keerthi.Samayam\IntelliJIDEA\ResumeAddedProject\retail-store)
2026-04-08 09:05:40 [restartedMain] INFO  c.retailstore.RetailStoreApplication - No active profile set, falling back to 1 default profile: "default"
2026-04-08 09:05:40 [restartedMain] INFO  o.s.b.d.e.DevToolsPropertyDefaultsPostProcessor - Devtools property defaults active! Set 'spring.devtools.add-properties' to 'false' to disable
2026-04-08 09:05:40 [restartedMain] INFO  o.s.b.d.e.DevToolsPropertyDefaultsPostProcessor - For additional web related logging consider setting the 'logging.level.web' property to 'DEBUG'
2026-04-08 09:05:42 [restartedMain] INFO  o.s.b.c.c.annotation.BatchRegistrar - Finished Spring Batch infrastructure beans configuration in 10 ms.
2026-04-08 09:05:42 [restartedMain] INFO  o.s.b.c.c.annotation.BatchRegistrar - Bean jobRepository already defined in the application context, skipping the registration of a jobRepository
2026-04-08 09:05:42 [restartedMain] INFO  o.s.b.c.c.annotation.BatchRegistrar - Bean jobExplorer already defined in the application context, skipping the registration of a jobExplorer
2026-04-08 09:05:42 [restartedMain] INFO  o.s.b.c.c.annotation.BatchRegistrar - Bean jobLauncher already defined in the application context, skipping the registration of a jobLauncher
2026-04-08 09:05:42 [restartedMain] INFO  o.s.b.c.c.annotation.BatchRegistrar - Bean jobRegistry already defined in the application context, skipping the registration of a jobRegistry
2026-04-08 09:05:42 [restartedMain] INFO  o.s.b.c.c.annotation.BatchRegistrar - Bean jobRegistryBeanPostProcessor already defined in the application context, skipping the registration of a jobRegistryBeanPostProcessor
2026-04-08 09:05:42 [restartedMain] INFO  o.s.b.c.c.annotation.BatchRegistrar - Bean jobOperator already defined in the application context, skipping the registration of a jobOperator
2026-04-08 09:05:42 [restartedMain] INFO  o.s.b.c.c.annotation.BatchRegistrar - Finished Spring Batch infrastructure beans configuration in 11 ms.
2026-04-08 09:05:42 [restartedMain] INFO  o.s.b.c.c.annotation.BatchRegistrar - Bean jobRepository already defined in the application context, skipping the registration of a jobRepository
2026-04-08 09:05:42 [restartedMain] INFO  o.s.b.c.c.annotation.BatchRegistrar - Bean jobExplorer already defined in the application context, skipping the registration of a jobExplorer
2026-04-08 09:05:42 [restartedMain] INFO  o.s.b.c.c.annotation.BatchRegistrar - Bean jobLauncher already defined in the application context, skipping the registration of a jobLauncher
2026-04-08 09:05:42 [restartedMain] INFO  o.s.b.c.c.annotation.BatchRegistrar - Bean jobRegistry already defined in the application context, skipping the registration of a jobRegistry
2026-04-08 09:05:42 [restartedMain] INFO  o.s.b.c.c.annotation.BatchRegistrar - Bean jobRegistryBeanPostProcessor already defined in the application context, skipping the registration of a jobRegistryBeanPostProcessor
2026-04-08 09:05:42 [restartedMain] INFO  o.s.b.c.c.annotation.BatchRegistrar - Bean jobOperator already defined in the application context, skipping the registration of a jobOperator
2026-04-08 09:05:42 [restartedMain] INFO  o.s.b.c.c.annotation.BatchRegistrar - Finished Spring Batch infrastructure beans configuration in 10 ms.
2026-04-08 09:05:43 [restartedMain] INFO  o.s.d.r.c.RepositoryConfigurationDelegate - Bootstrapping Spring Data JPA repositories in DEFAULT mode.
2026-04-08 09:05:44 [restartedMain] INFO  o.s.d.r.c.RepositoryConfigurationDelegate - Finished Spring Data repository scanning in 569 ms. Found 14 JPA repository interfaces.
2026-04-08 09:05:46 [restartedMain] WARN  o.s.c.s.PostProcessorRegistrationDelegate$BeanPostProcessorChecker - Bean 'jobRegistry' of type [org.springframework.batch.core.configuration.support.MapJobRegistry] is not eligible for getting processed by all BeanPostProcessors (for example: not eligible for auto-proxying). Is this bean getting eagerly injected/applied to a currently created BeanPostProcessor [jobRegistryBeanPostProcessor]? Check the corresponding BeanPostProcessor declaration and its dependencies/advisors. If this bean does not have to be post-processed, declare it with ROLE_INFRASTRUCTURE.
2026-04-08 09:05:47 [restartedMain] INFO  o.s.b.w.e.tomcat.TomcatWebServer - Tomcat initialized with port 8080 (http)
2026-04-08 09:05:47 [restartedMain] INFO  o.a.catalina.core.StandardService - Starting service [Tomcat]
2026-04-08 09:05:47 [restartedMain] INFO  o.a.catalina.core.StandardEngine - Starting Servlet engine: [Apache Tomcat/10.1.31]
2026-04-08 09:05:47 [restartedMain] INFO  o.a.c.c.C.[.[.[/retail-store] - Initializing Spring embedded WebApplicationContext
2026-04-08 09:05:47 [restartedMain] INFO  o.s.b.w.s.c.ServletWebServerApplicationContext - Root WebApplicationContext: initialization completed in 7124 ms
2026-04-08 09:05:48 [restartedMain] INFO  o.h.jpa.internal.util.LogHelper - HHH000204: Processing PersistenceUnitInfo [name: default]
2026-04-08 09:05:48 [restartedMain] INFO  org.hibernate.Version - HHH000412: Hibernate ORM core version 6.5.3.Final
2026-04-08 09:05:48 [restartedMain] INFO  o.h.c.i.RegionFactoryInitiator - HHH000026: Second-level cache disabled
2026-04-08 09:05:49 [restartedMain] INFO  o.s.o.j.p.SpringPersistenceUnitInfo - No LoadTimeWeaver setup: ignoring JPA class transformer
2026-04-08 09:05:49 [restartedMain] INFO  com.zaxxer.hikari.HikariDataSource - HikariPool-1 - Starting...
2026-04-08 09:05:50 [restartedMain] INFO  com.zaxxer.hikari.pool.HikariPool - HikariPool-1 - Added connection com.mysql.cj.jdbc.ConnectionImpl@778d5546
2026-04-08 09:05:50 [restartedMain] INFO  com.zaxxer.hikari.HikariDataSource - HikariPool-1 - Start completed.
2026-04-08 09:05:52 [restartedMain] INFO  o.h.e.t.j.p.i.JtaPlatformInitiator - HHH000489: No JTA platform available (set 'hibernate.transaction.jta.platform' to enable JTA platform integration)
2026-04-08 09:05:52 [restartedMain] INFO  o.s.o.j.LocalContainerEntityManagerFactoryBean - Initialized JPA EntityManagerFactory for persistence unit 'default'
2026-04-08 09:05:54 [restartedMain] WARN  o.s.s.c.a.a.c.InitializeUserDetailsBeanManagerConfigurer$InitializeUserDetailsManagerConfigurer - Global AuthenticationManager configured with an AuthenticationProvider bean. UserDetailsService beans will not be used for username/password login. Consider removing the AuthenticationProvider bean. Alternatively, consider using the UserDetailsService in a manually instantiated DaoAuthenticationProvider.
2026-04-08 09:05:54 [restartedMain] INFO  o.s.b.c.r.s.JobRepositoryFactoryBean - No database type set, using meta data indicating: MYSQL
2026-04-08 09:05:54 [restartedMain] INFO  o.s.b.c.l.support.SimpleJobLauncher - No TaskExecutor has been set, defaulting to synchronous executor.
2026-04-08 09:05:55 [restartedMain] INFO  o.s.d.j.r.query.QueryEnhancerFactory - Hibernate is in classpath; If applicable, HQL parser will be used.
2026-04-08 09:05:56 [restartedMain] WARN  o.s.b.a.o.j.JpaBaseConfiguration$JpaWebConfiguration - spring.jpa.open-in-view is enabled by default. Therefore, database queries may be performed during view rendering. Explicitly configure spring.jpa.open-in-view to disable this warning
2026-04-08 09:05:57 [restartedMain] INFO  o.s.b.a.e.web.EndpointLinksResolver - Exposing 14 endpoints beneath base path '/actuator'
2026-04-08 09:05:59 [restartedMain] INFO  o.s.b.d.a.OptionalLiveReloadServer - LiveReload server is running on port 35729
2026-04-08 09:05:59 [restartedMain] INFO  o.s.b.w.e.tomcat.TomcatWebServer - Tomcat started on port 8080 (http) with context path '/retail-store'
2026-04-08 09:05:59 [restartedMain] INFO  c.retailstore.RetailStoreApplication - Started RetailStoreApplication in 22.176 seconds (process running for 23.532)
2026-04-08 09:10:41 [http-nio-8080-exec-1] INFO  o.a.c.c.C.[.[.[/retail-store] - Initializing Spring DispatcherServlet 'dispatcherServlet'
2026-04-08 09:10:41 [http-nio-8080-exec-1] INFO  o.s.web.servlet.DispatcherServlet - Initializing Servlet 'dispatcherServlet'
2026-04-08 09:10:41 [http-nio-8080-exec-1] INFO  o.s.web.servlet.DispatcherServlet - Completed initialization in 5 ms
2026-04-08 09:10:41 [http-nio-8080-exec-1] INFO  c.r.l.GenericServiceLoggingAspect - [ProductServiceImpl] START -> getAllProducts()
2026-04-08 09:10:42 [http-nio-8080-exec-1] INFO  c.r.l.GenericServiceLoggingAspect - [ProductServiceImpl] END -> getAllProducts() | Returned: ArrayList
2026-04-08 09:16:57 [SpringApplicationShutdownHook] WARN  o.s.b.f.s.DisposableBeanAdapter - Custom destroy method 'close' on bean with name 'stockMismatchReader' propagated an exception: org.springframework.batch.item.ItemStreamException: Error while closing item reader
2026-04-08 09:16:57 [SpringApplicationShutdownHook] INFO  o.s.o.j.LocalContainerEntityManagerFactoryBean - Closing JPA EntityManagerFactory for persistence unit 'default'
2026-04-08 09:16:57 [SpringApplicationShutdownHook] INFO  com.zaxxer.hikari.HikariDataSource - HikariPool-1 - Shutdown initiated...
2026-04-08 09:16:57 [SpringApplicationShutdownHook] INFO  com.zaxxer.hikari.HikariDataSource - HikariPool-1 - Shutdown completed.
2026-04-08 09:17:14 [restartedMain] INFO  c.retailstore.RetailStoreApplication - Starting RetailStoreApplication using Java 21.0.7 with PID 12416 (C:\Users\Keerthi.Samayam\IntelliJIDEA\ResumeAddedProject\retail-store\target\classes started by Keerthi.Samayam in C:\Users\Keerthi.Samayam\IntelliJIDEA\ResumeAddedProject\retail-store)
2026-04-08 09:17:14 [restartedMain] INFO  c.retailstore.RetailStoreApplication - No active profile set, falling back to 1 default profile: "default"
2026-04-08 09:17:14 [restartedMain] INFO  o.s.b.d.e.DevToolsPropertyDefaultsPostProcessor - Devtools property defaults active! Set 'spring.devtools.add-properties' to 'false' to disable
2026-04-08 09:17:14 [restartedMain] INFO  o.s.b.d.e.DevToolsPropertyDefaultsPostProcessor - For additional web related logging consider setting the 'logging.level.web' property to 'DEBUG'
2026-04-08 09:17:18 [restartedMain] INFO  o.s.b.c.c.annotation.BatchRegistrar - Finished Spring Batch infrastructure beans configuration in 11 ms.
2026-04-08 09:17:18 [restartedMain] INFO  o.s.b.c.c.annotation.BatchRegistrar - Bean jobRepository already defined in the application context, skipping the registration of a jobRepository
2026-04-08 09:17:18 [restartedMain] INFO  o.s.b.c.c.annotation.BatchRegistrar - Bean jobExplorer already defined in the application context, skipping the registration of a jobExplorer
2026-04-08 09:17:18 [restartedMain] INFO  o.s.b.c.c.annotation.BatchRegistrar - Bean jobLauncher already defined in the application context, skipping the registration of a jobLauncher
2026-04-08 09:17:18 [restartedMain] INFO  o.s.b.c.c.annotation.BatchRegistrar - Bean jobRegistry already defined in the application context, skipping the registration of a jobRegistry
2026-04-08 09:17:18 [restartedMain] INFO  o.s.b.c.c.annotation.BatchRegistrar - Bean jobRegistryBeanPostProcessor already defined in the application context, skipping the registration of a jobRegistryBeanPostProcessor
2026-04-08 09:17:18 [restartedMain] INFO  o.s.b.c.c.annotation.BatchRegistrar - Bean jobOperator already defined in the application context, skipping the registration of a jobOperator
2026-04-08 09:17:18 [restartedMain] INFO  o.s.b.c.c.annotation.BatchRegistrar - Finished Spring Batch infrastructure beans configuration in 8 ms.
2026-04-08 09:17:18 [restartedMain] INFO  o.s.b.c.c.annotation.BatchRegistrar - Bean jobRepository already defined in the application context, skipping the registration of a jobRepository
2026-04-08 09:17:18 [restartedMain] INFO  o.s.b.c.c.annotation.BatchRegistrar - Bean jobExplorer already defined in the application context, skipping the registration of a jobExplorer
2026-04-08 09:17:18 [restartedMain] INFO  o.s.b.c.c.annotation.BatchRegistrar - Bean jobLauncher already defined in the application context, skipping the registration of a jobLauncher
2026-04-08 09:17:18 [restartedMain] INFO  o.s.b.c.c.annotation.BatchRegistrar - Bean jobRegistry already defined in the application context, skipping the registration of a jobRegistry
2026-04-08 09:17:18 [restartedMain] INFO  o.s.b.c.c.annotation.BatchRegistrar - Bean jobRegistryBeanPostProcessor already defined in the application context, skipping the registration of a jobRegistryBeanPostProcessor
2026-04-08 09:17:18 [restartedMain] INFO  o.s.b.c.c.annotation.BatchRegistrar - Bean jobOperator already defined in the application context, skipping the registration of a jobOperator
2026-04-08 09:17:18 [restartedMain] INFO  o.s.b.c.c.annotation.BatchRegistrar - Finished Spring Batch infrastructure beans configuration in 37 ms.
2026-04-08 09:17:19 [restartedMain] INFO  o.s.d.r.c.RepositoryConfigurationDelegate - Bootstrapping Spring Data JPA repositories in DEFAULT mode.
2026-04-08 09:17:20 [restartedMain] INFO  o.s.d.r.c.RepositoryConfigurationDelegate - Finished Spring Data repository scanning in 788 ms. Found 14 JPA repository interfaces.
2026-04-08 09:17:21 [restartedMain] WARN  o.s.c.s.PostProcessorRegistrationDelegate$BeanPostProcessorChecker - Bean 'jobRegistry' of type [org.springframework.batch.core.configuration.support.MapJobRegistry] is not eligible for getting processed by all BeanPostProcessors (for example: not eligible for auto-proxying). Is this bean getting eagerly injected/applied to a currently created BeanPostProcessor [jobRegistryBeanPostProcessor]? Check the corresponding BeanPostProcessor declaration and its dependencies/advisors. If this bean does not have to be post-processed, declare it with ROLE_INFRASTRUCTURE.
2026-04-08 09:17:22 [restartedMain] INFO  o.s.b.w.e.tomcat.TomcatWebServer - Tomcat initialized with port 8080 (http)
2026-04-08 09:17:23 [restartedMain] INFO  o.a.catalina.core.StandardService - Starting service [Tomcat]
2026-04-08 09:17:23 [restartedMain] INFO  o.a.catalina.core.StandardEngine - Starting Servlet engine: [Apache Tomcat/10.1.31]
2026-04-08 09:17:23 [restartedMain] INFO  o.a.c.c.C.[.[.[/retail-store] - Initializing Spring embedded WebApplicationContext
2026-04-08 09:17:23 [restartedMain] INFO  o.s.b.w.s.c.ServletWebServerApplicationContext - Root WebApplicationContext: initialization completed in 8511 ms
2026-04-08 09:17:24 [restartedMain] INFO  o.h.jpa.internal.util.LogHelper - HHH000204: Processing PersistenceUnitInfo [name: default]
2026-04-08 09:17:24 [restartedMain] INFO  org.hibernate.Version - HHH000412: Hibernate ORM core version 6.5.3.Final
2026-04-08 09:17:24 [restartedMain] INFO  o.h.c.i.RegionFactoryInitiator - HHH000026: Second-level cache disabled
2026-04-08 09:17:25 [restartedMain] INFO  o.s.o.j.p.SpringPersistenceUnitInfo - No LoadTimeWeaver setup: ignoring JPA class transformer
2026-04-08 09:17:25 [restartedMain] INFO  com.zaxxer.hikari.HikariDataSource - HikariPool-1 - Starting...
2026-04-08 09:17:26 [restartedMain] INFO  com.zaxxer.hikari.pool.HikariPool - HikariPool-1 - Added connection com.mysql.cj.jdbc.ConnectionImpl@460dc93c
2026-04-08 09:17:26 [restartedMain] INFO  com.zaxxer.hikari.HikariDataSource - HikariPool-1 - Start completed.
2026-04-08 09:17:29 [restartedMain] INFO  o.h.e.t.j.p.i.JtaPlatformInitiator - HHH000489: No JTA platform available (set 'hibernate.transaction.jta.platform' to enable JTA platform integration)
2026-04-08 09:17:29 [restartedMain] INFO  o.s.o.j.LocalContainerEntityManagerFactoryBean - Initialized JPA EntityManagerFactory for persistence unit 'default'
2026-04-08 09:17:31 [restartedMain] WARN  o.s.s.c.a.a.c.InitializeUserDetailsBeanManagerConfigurer$InitializeUserDetailsManagerConfigurer - Global AuthenticationManager configured with an AuthenticationProvider bean. UserDetailsService beans will not be used for username/password login. Consider removing the AuthenticationProvider bean. Alternatively, consider using the UserDetailsService in a manually instantiated DaoAuthenticationProvider.
2026-04-08 09:17:31 [restartedMain] INFO  o.s.b.c.r.s.JobRepositoryFactoryBean - No database type set, using meta data indicating: MYSQL
2026-04-08 09:17:31 [restartedMain] INFO  o.s.b.c.l.support.SimpleJobLauncher - No TaskExecutor has been set, defaulting to synchronous executor.
2026-04-08 09:17:32 [restartedMain] INFO  o.s.d.j.r.query.QueryEnhancerFactory - Hibernate is in classpath; If applicable, HQL parser will be used.
2026-04-08 09:17:33 [restartedMain] WARN  o.s.b.a.o.j.JpaBaseConfiguration$JpaWebConfiguration - spring.jpa.open-in-view is enabled by default. Therefore, database queries may be performed during view rendering. Explicitly configure spring.jpa.open-in-view to disable this warning
2026-04-08 09:17:34 [restartedMain] INFO  o.s.b.a.e.web.EndpointLinksResolver - Exposing 14 endpoints beneath base path '/actuator'
2026-04-08 09:17:36 [restartedMain] INFO  o.s.b.d.a.OptionalLiveReloadServer - LiveReload server is running on port 35729
2026-04-08 09:17:36 [restartedMain] INFO  o.s.b.w.e.tomcat.TomcatWebServer - Tomcat started on port 8080 (http) with context path '/retail-store'
2026-04-08 09:17:36 [restartedMain] INFO  c.retailstore.RetailStoreApplication - Started RetailStoreApplication in 25.958 seconds (process running for 27.726)
2026-04-08 09:18:32 [http-nio-8080-exec-1] INFO  o.a.c.c.C.[.[.[/retail-store] - Initializing Spring DispatcherServlet 'dispatcherServlet'
2026-04-08 09:18:32 [http-nio-8080-exec-1] INFO  o.s.web.servlet.DispatcherServlet - Initializing Servlet 'dispatcherServlet'
2026-04-08 09:18:32 [http-nio-8080-exec-1] INFO  o.s.web.servlet.DispatcherServlet - Completed initialization in 2 ms
2026-04-08 09:25:11 [http-nio-8080-exec-2] WARN  o.s.w.s.m.m.a.ExceptionHandlerExceptionResolver - Resolved [org.springframework.web.servlet.resource.NoResourceFoundException: No static resource actuator.]
2026-04-08 09:26:56 [http-nio-8080-exec-7] WARN  o.s.w.s.m.m.a.ExceptionHandlerExceptionResolver - Resolved [org.springframework.web.servlet.resource.NoResourceFoundException: No static resource actuator.]
2026-04-08 09:27:34 [http-nio-8080-exec-1] WARN  o.s.w.s.m.m.a.ExceptionHandlerExceptionResolver - Resolved [org.springframework.web.servlet.resource.NoResourceFoundException: No static resource actuator/env.]
2026-04-08 09:30:32 [http-nio-8080-exec-3] WARN  o.s.w.s.m.m.a.ExceptionHandlerExceptionResolver - Resolved [org.springframework.web.servlet.resource.NoResourceFoundException: No static resource actuator/loggerscom.retailstore.batch.]
2026-04-08 09:30:45 [http-nio-8080-exec-6] WARN  o.s.w.s.m.m.a.ExceptionHandlerExceptionResolver - Resolved [org.springframework.web.servlet.resource.NoResourceFoundException: No static resource actuator/logger/scom.retailstore.batch.]
2026-04-08 09:31:01 [http-nio-8080-exec-5] WARN  o.s.w.s.m.m.a.ExceptionHandlerExceptionResolver - Resolved [org.springframework.web.servlet.resource.NoResourceFoundException: No static resource actuator/logger/com.retailstore.batch.]
2026-04-08 09:31:08 [http-nio-8080-exec-7] WARN  o.s.w.s.m.m.a.ExceptionHandlerExceptionResolver - Resolved [org.springframework.web.servlet.resource.NoResourceFoundException: No static resource actuator/logger/BTCH.]
2026-04-08 09:31:14 [http-nio-8080-exec-8] WARN  o.s.w.s.m.m.a.ExceptionHandlerExceptionResolver - Resolved [org.springframework.web.servlet.resource.NoResourceFoundException: No static resource actuator/logger/BATCH.]
2026-04-08 09:31:20 [http-nio-8080-exec-9] WARN  o.s.w.s.m.m.a.ExceptionHandlerExceptionResolver - Resolved [org.springframework.web.servlet.resource.NoResourceFoundException: No static resource actuator/logger.]
2026-04-08 09:31:25 [http-nio-8080-exec-10] WARN  o.s.w.s.m.m.a.ExceptionHandlerExceptionResolver - Resolved [org.springframework.web.servlet.resource.NoResourceFoundException: No static resource actuator/logger.]
2026-04-08 09:32:37 [http-nio-8080-exec-6] WARN  o.s.w.s.m.m.a.ExceptionHandlerExceptionResolver - Resolved [org.springframework.web.servlet.resource.NoResourceFoundException: No static resource actuator/loggers/ROOT/AuthService.]
2026-04-08 09:34:04 [http-nio-8080-exec-10] WARN  o.s.w.s.m.m.a.ExceptionHandlerExceptionResolver - Resolved [org.springframework.web.servlet.resource.NoResourceFoundException: No static resource actuator.]
2026-04-08 09:44:46 [SpringApplicationShutdownHook] WARN  o.s.b.f.s.DisposableBeanAdapter - Custom destroy method 'close' on bean with name 'stockMismatchReader' propagated an exception: org.springframework.batch.item.ItemStreamException: Error while closing item reader
2026-04-08 09:44:46 [SpringApplicationShutdownHook] INFO  o.s.o.j.LocalContainerEntityManagerFactoryBean - Closing JPA EntityManagerFactory for persistence unit 'default'
2026-04-08 09:44:46 [SpringApplicationShutdownHook] INFO  com.zaxxer.hikari.HikariDataSource - HikariPool-1 - Shutdown initiated...
2026-04-08 09:44:46 [SpringApplicationShutdownHook] INFO  com.zaxxer.hikari.HikariDataSource - HikariPool-1 - Shutdown completed.
2026-04-08 09:45:45 [restartedMain] INFO  c.retailstore.RetailStoreApplication - Starting RetailStoreApplication using Java 21.0.7 with PID 25108 (C:\Users\Keerthi.Samayam\IntelliJIDEA\ResumeAddedProject\retail-store\target\classes started by Keerthi.Samayam in C:\Users\Keerthi.Samayam\IntelliJIDEA\ResumeAddedProject\retail-store)
2026-04-08 09:45:46 [restartedMain] INFO  c.retailstore.RetailStoreApplication - No active profile set, falling back to 1 default profile: "default"
2026-04-08 09:45:46 [restartedMain] INFO  o.s.b.d.e.DevToolsPropertyDefaultsPostProcessor - Devtools property defaults active! Set 'spring.devtools.add-properties' to 'false' to disable
2026-04-08 09:45:46 [restartedMain] INFO  o.s.b.d.e.DevToolsPropertyDefaultsPostProcessor - For additional web related logging consider setting the 'logging.level.web' property to 'DEBUG'
2026-04-08 09:45:50 [restartedMain] INFO  o.s.b.c.c.annotation.BatchRegistrar - Finished Spring Batch infrastructure beans configuration in 15 ms.
2026-04-08 09:45:50 [restartedMain] INFO  o.s.b.c.c.annotation.BatchRegistrar - Bean jobRepository already defined in the application context, skipping the registration of a jobRepository
2026-04-08 09:45:50 [restartedMain] INFO  o.s.b.c.c.annotation.BatchRegistrar - Bean jobExplorer already defined in the application context, skipping the registration of a jobExplorer
2026-04-08 09:45:50 [restartedMain] INFO  o.s.b.c.c.annotation.BatchRegistrar - Bean jobLauncher already defined in the application context, skipping the registration of a jobLauncher
2026-04-08 09:45:50 [restartedMain] INFO  o.s.b.c.c.annotation.BatchRegistrar - Bean jobRegistry already defined in the application context, skipping the registration of a jobRegistry
2026-04-08 09:45:50 [restartedMain] INFO  o.s.b.c.c.annotation.BatchRegistrar - Bean jobRegistryBeanPostProcessor already defined in the application context, skipping the registration of a jobRegistryBeanPostProcessor
2026-04-08 09:45:50 [restartedMain] INFO  o.s.b.c.c.annotation.BatchRegistrar - Bean jobOperator already defined in the application context, skipping the registration of a jobOperator
2026-04-08 09:45:50 [restartedMain] INFO  o.s.b.c.c.annotation.BatchRegistrar - Finished Spring Batch infrastructure beans configuration in 14 ms.
2026-04-08 09:45:50 [restartedMain] INFO  o.s.b.c.c.annotation.BatchRegistrar - Bean jobRepository already defined in the application context, skipping the registration of a jobRepository
2026-04-08 09:45:50 [restartedMain] INFO  o.s.b.c.c.annotation.BatchRegistrar - Bean jobExplorer already defined in the application context, skipping the registration of a jobExplorer
2026-04-08 09:45:50 [restartedMain] INFO  o.s.b.c.c.annotation.BatchRegistrar - Bean jobLauncher already defined in the application context, skipping the registration of a jobLauncher
2026-04-08 09:45:50 [restartedMain] INFO  o.s.b.c.c.annotation.BatchRegistrar - Bean jobRegistry already defined in the application context, skipping the registration of a jobRegistry
2026-04-08 09:45:50 [restartedMain] INFO  o.s.b.c.c.annotation.BatchRegistrar - Bean jobRegistryBeanPostProcessor already defined in the application context, skipping the registration of a jobRegistryBeanPostProcessor
2026-04-08 09:45:50 [restartedMain] INFO  o.s.b.c.c.annotation.BatchRegistrar - Bean jobOperator already defined in the application context, skipping the registration of a jobOperator
2026-04-08 09:45:50 [restartedMain] INFO  o.s.b.c.c.annotation.BatchRegistrar - Finished Spring Batch infrastructure beans configuration in 14 ms.
2026-04-08 09:45:53 [restartedMain] INFO  o.s.d.r.c.RepositoryConfigurationDelegate - Bootstrapping Spring Data JPA repositories in DEFAULT mode.
2026-04-08 09:45:55 [restartedMain] INFO  o.s.d.r.c.RepositoryConfigurationDelegate - Finished Spring Data repository scanning in 1330 ms. Found 14 JPA repository interfaces.
2026-04-08 09:45:57 [restartedMain] WARN  o.s.c.s.PostProcessorRegistrationDelegate$BeanPostProcessorChecker - Bean 'jobRegistry' of type [org.springframework.batch.core.configuration.support.MapJobRegistry] is not eligible for getting processed by all BeanPostProcessors (for example: not eligible for auto-proxying). Is this bean getting eagerly injected/applied to a currently created BeanPostProcessor [jobRegistryBeanPostProcessor]? Check the corresponding BeanPostProcessor declaration and its dependencies/advisors. If this bean does not have to be post-processed, declare it with ROLE_INFRASTRUCTURE.
2026-04-08 09:45:59 [restartedMain] INFO  o.s.b.w.e.tomcat.TomcatWebServer - Tomcat initialized with port 8080 (http)
2026-04-08 09:45:59 [restartedMain] INFO  o.a.catalina.core.StandardService - Starting service [Tomcat]
2026-04-08 09:45:59 [restartedMain] INFO  o.a.catalina.core.StandardEngine - Starting Servlet engine: [Apache Tomcat/10.1.31]
2026-04-08 09:45:59 [restartedMain] INFO  o.a.c.c.C.[.[.[/retail-store] - Initializing Spring embedded WebApplicationContext
2026-04-08 09:45:59 [restartedMain] INFO  o.s.b.w.s.c.ServletWebServerApplicationContext - Root WebApplicationContext: initialization completed in 12969 ms
2026-04-08 09:46:02 [restartedMain] INFO  o.h.jpa.internal.util.LogHelper - HHH000204: Processing PersistenceUnitInfo [name: default]
2026-04-08 09:46:02 [restartedMain] INFO  org.hibernate.Version - HHH000412: Hibernate ORM core version 6.5.3.Final
2026-04-08 09:46:02 [restartedMain] INFO  o.h.c.i.RegionFactoryInitiator - HHH000026: Second-level cache disabled
2026-04-08 09:46:03 [restartedMain] INFO  o.s.o.j.p.SpringPersistenceUnitInfo - No LoadTimeWeaver setup: ignoring JPA class transformer
2026-04-08 09:46:03 [restartedMain] INFO  com.zaxxer.hikari.HikariDataSource - HikariPool-1 - Starting...
2026-04-08 09:46:03 [restartedMain] INFO  com.zaxxer.hikari.pool.HikariPool - HikariPool-1 - Added connection com.mysql.cj.jdbc.ConnectionImpl@69e92b07
2026-04-08 09:46:03 [restartedMain] INFO  com.zaxxer.hikari.HikariDataSource - HikariPool-1 - Start completed.
2026-04-08 09:46:06 [restartedMain] INFO  o.h.e.t.j.p.i.JtaPlatformInitiator - HHH000489: No JTA platform available (set 'hibernate.transaction.jta.platform' to enable JTA platform integration)
2026-04-08 09:46:07 [restartedMain] INFO  o.s.o.j.LocalContainerEntityManagerFactoryBean - Initialized JPA EntityManagerFactory for persistence unit 'default'
2026-04-08 09:46:11 [restartedMain] WARN  o.s.s.c.a.a.c.InitializeUserDetailsBeanManagerConfigurer$InitializeUserDetailsManagerConfigurer - Global AuthenticationManager configured with an AuthenticationProvider bean. UserDetailsService beans will not be used for username/password login. Consider removing the AuthenticationProvider bean. Alternatively, consider using the UserDetailsService in a manually instantiated DaoAuthenticationProvider.
2026-04-08 09:46:12 [restartedMain] INFO  o.s.b.c.r.s.JobRepositoryFactoryBean - No database type set, using meta data indicating: MYSQL
2026-04-08 09:46:13 [restartedMain] INFO  o.s.b.c.l.support.SimpleJobLauncher - No TaskExecutor has been set, defaulting to synchronous executor.
2026-04-08 09:46:14 [restartedMain] INFO  o.s.d.j.r.query.QueryEnhancerFactory - Hibernate is in classpath; If applicable, HQL parser will be used.
2026-04-08 09:46:16 [restartedMain] WARN  o.s.b.a.o.j.JpaBaseConfiguration$JpaWebConfiguration - spring.jpa.open-in-view is enabled by default. Therefore, database queries may be performed during view rendering. Explicitly configure spring.jpa.open-in-view to disable this warning
2026-04-08 09:46:18 [restartedMain] INFO  o.s.b.a.e.web.EndpointLinksResolver - Exposing 15 endpoints beneath base path '/actuator'
2026-04-08 09:46:20 [restartedMain] INFO  o.s.b.d.a.OptionalLiveReloadServer - LiveReload server is running on port 35729
2026-04-08 09:46:20 [restartedMain] INFO  o.s.b.w.e.tomcat.TomcatWebServer - Tomcat started on port 8080 (http) with context path '/retail-store'
2026-04-08 09:46:20 [restartedMain] INFO  c.retailstore.RetailStoreApplication - Started RetailStoreApplication in 38.884 seconds (process running for 41.625)
2026-04-08 09:48:39 [http-nio-8080-exec-1] INFO  o.a.c.c.C.[.[.[/retail-store] - Initializing Spring DispatcherServlet 'dispatcherServlet'
2026-04-08 09:48:39 [http-nio-8080-exec-1] INFO  o.s.web.servlet.DispatcherServlet - Initializing Servlet 'dispatcherServlet'
2026-04-08 09:48:39 [http-nio-8080-exec-1] INFO  o.s.web.servlet.DispatcherServlet - Completed initialization in 3 ms
